<?xml version="1.0" encoding="UTF-8"?>
<testsuite name="com.example.ios_back.IosBackApplicationTests" tests="1" skipped="0" failures="0" errors="0" timestamp="2022-04-07T06:27:55" hostname="baeg-eunhuiui-MacBookPro.local" time="0.178">
  <properties/>
  <testcase name="contextLoads()" classname="com.example.ios_back.IosBackApplicationTests" time="0.178"/>
  <system-out><![CDATA[15:27:46.613 [Test worker] DEBUG org.springframework.test.context.BootstrapUtils - Instantiating CacheAwareContextLoaderDelegate from class [org.springframework.test.context.cache.DefaultCacheAwareContextLoaderDelegate]
15:27:46.622 [Test worker] DEBUG org.springframework.test.context.BootstrapUtils - Instantiating BootstrapContext using constructor [public org.springframework.test.context.support.DefaultBootstrapContext(java.lang.Class,org.springframework.test.context.CacheAwareContextLoaderDelegate)]
15:27:46.724 [Test worker] DEBUG org.springframework.test.context.BootstrapUtils - Instantiating TestContextBootstrapper for test class [com.example.ios_back.IosBackApplicationTests] from class [org.springframework.boot.test.context.SpringBootTestContextBootstrapper]
15:27:46.740 [Test worker] INFO org.springframework.boot.test.context.SpringBootTestContextBootstrapper - Neither @ContextConfiguration nor @ContextHierarchy found for test class [com.example.ios_back.IosBackApplicationTests], using SpringBootContextLoader
15:27:46.745 [Test worker] DEBUG org.springframework.test.context.support.AbstractContextLoader - Did not detect default resource location for test class [com.example.ios_back.IosBackApplicationTests]: class path resource [com/example/ios_back/IosBackApplicationTests-context.xml] does not exist
15:27:46.746 [Test worker] DEBUG org.springframework.test.context.support.AbstractContextLoader - Did not detect default resource location for test class [com.example.ios_back.IosBackApplicationTests]: class path resource [com/example/ios_back/IosBackApplicationTestsContext.groovy] does not exist
15:27:46.746 [Test worker] INFO org.springframework.test.context.support.AbstractContextLoader - Could not detect default resource locations for test class [com.example.ios_back.IosBackApplicationTests]: no resource found for suffixes {-context.xml, Context.groovy}.
15:27:46.747 [Test worker] INFO org.springframework.test.context.support.AnnotationConfigContextLoaderUtils - Could not detect default configuration classes for test class [com.example.ios_back.IosBackApplicationTests]: IosBackApplicationTests does not declare any static, non-private, non-final, nested classes annotated with @Configuration.
15:27:46.812 [Test worker] DEBUG org.springframework.test.context.support.ActiveProfilesUtils - Could not find an 'annotation declaring class' for annotation type [org.springframework.test.context.ActiveProfiles] and class [com.example.ios_back.IosBackApplicationTests]
15:27:46.888 [Test worker] DEBUG org.springframework.context.annotation.ClassPathScanningCandidateComponentProvider - Identified candidate component class: file [/Users/baek-eunhee/eunhee/study/project/ios_back/ios_back/build/classes/java/main/com/example/ios_back/IosBackApplication.class]
15:27:46.892 [Test worker] INFO org.springframework.boot.test.context.SpringBootTestContextBootstrapper - Found @SpringBootConfiguration com.example.ios_back.IosBackApplication for test class com.example.ios_back.IosBackApplicationTests
15:27:47.010 [Test worker] DEBUG org.springframework.boot.test.context.SpringBootTestContextBootstrapper - @TestExecutionListeners is not present for class [com.example.ios_back.IosBackApplicationTests]: using defaults.
15:27:47.011 [Test worker] INFO org.springframework.boot.test.context.SpringBootTestContextBootstrapper - Loaded default TestExecutionListener class names from location [META-INF/spring.factories]: [org.springframework.boot.test.autoconfigure.restdocs.RestDocsTestExecutionListener, org.springframework.boot.test.autoconfigure.web.client.MockRestServiceServerResetTestExecutionListener, org.springframework.boot.test.autoconfigure.web.servlet.MockMvcPrintOnlyOnFailureTestExecutionListener, org.springframework.boot.test.autoconfigure.web.servlet.WebDriverTestExecutionListener, org.springframework.boot.test.autoconfigure.webservices.client.MockWebServiceServerTestExecutionListener, org.springframework.boot.test.mock.mockito.MockitoTestExecutionListener, org.springframework.boot.test.mock.mockito.ResetMocksTestExecutionListener, org.springframework.test.context.web.ServletTestExecutionListener, org.springframework.test.context.support.DirtiesContextBeforeModesTestExecutionListener, org.springframework.test.context.event.ApplicationEventsTestExecutionListener, org.springframework.test.context.support.DependencyInjectionTestExecutionListener, org.springframework.test.context.support.DirtiesContextTestExecutionListener, org.springframework.test.context.transaction.TransactionalTestExecutionListener, org.springframework.test.context.jdbc.SqlScriptsTestExecutionListener, org.springframework.test.context.event.EventPublishingTestExecutionListener]
15:27:47.026 [Test worker] INFO org.springframework.boot.test.context.SpringBootTestContextBootstrapper - Using TestExecutionListeners: [org.springframework.test.context.web.ServletTestExecutionListener@210386e0, org.springframework.test.context.support.DirtiesContextBeforeModesTestExecutionListener@3d4d3fe7, org.springframework.test.context.event.ApplicationEventsTestExecutionListener@65f87a2c, org.springframework.boot.test.mock.mockito.MockitoTestExecutionListener@51684e4a, org.springframework.boot.test.autoconfigure.SpringBootDependencyInjectionTestExecutionListener@6ce1f601, org.springframework.test.context.support.DirtiesContextTestExecutionListener@38875e7d, org.springframework.test.context.transaction.TransactionalTestExecutionListener@1e886a5b, org.springframework.test.context.jdbc.SqlScriptsTestExecutionListener@d816dde, org.springframework.test.context.event.EventPublishingTestExecutionListener@6e33c391, org.springframework.boot.test.autoconfigure.restdocs.RestDocsTestExecutionListener@6c451c9c, org.springframework.boot.test.autoconfigure.web.client.MockRestServiceServerResetTestExecutionListener@31c269fd, org.springframework.boot.test.autoconfigure.web.servlet.MockMvcPrintOnlyOnFailureTestExecutionListener@372b0d86, org.springframework.boot.test.autoconfigure.web.servlet.WebDriverTestExecutionListener@47747fb9, org.springframework.boot.test.autoconfigure.webservices.client.MockWebServiceServerTestExecutionListener@3113a37, org.springframework.boot.test.mock.mockito.ResetMocksTestExecutionListener@213e3629]
15:27:47.030 [Test worker] DEBUG org.springframework.test.context.support.AbstractDirtiesContextTestExecutionListener - Before test class: context [DefaultTestContext@36ac8a63 testClass = IosBackApplicationTests, testInstance = [null], testMethod = [null], testException = [null], mergedContextConfiguration = [WebMergedContextConfiguration@4d9d1b69 testClass = IosBackApplicationTests, locations = '{}', classes = '{class com.example.ios_back.IosBackApplication}', contextInitializerClasses = '[]', activeProfiles = '{}', propertySourceLocations = '{}', propertySourceProperties = '{org.springframework.boot.test.context.SpringBootTestContextBootstrapper=true}', contextCustomizers = set[org.springframework.boot.test.autoconfigure.actuate.metrics.MetricsExportContextCustomizerFactory$DisableMetricExportContextCustomizer@476b0ae6, org.springframework.boot.test.autoconfigure.properties.PropertyMappingContextCustomizer@0, org.springframework.boot.test.autoconfigure.web.servlet.WebDriverContextCustomizerFactory$Customizer@320de594, org.springframework.boot.test.context.filter.ExcludeFilterContextCustomizer@2974f221, org.springframework.boot.test.json.DuplicateJsonObjectContextCustomizerFactory$DuplicateJsonObjectContextCustomizer@665df3c6, org.springframework.boot.test.mock.mockito.MockitoContextCustomizer@0, org.springframework.boot.test.web.client.TestRestTemplateContextCustomizer@60641ec8, org.springframework.boot.test.context.SpringBootTestArgs@1, org.springframework.boot.test.context.SpringBootTestWebEnvironment@e3b3b2f], resourceBasePath = 'src/main/webapp', contextLoader = 'org.springframework.boot.test.context.SpringBootContextLoader', parent = [null]], attributes = map['org.springframework.test.context.web.ServletTestExecutionListener.activateListener' -> true]], class annotated with @DirtiesContext [false] with mode [null].
15:27:47.181 [Test worker] DEBUG org.springframework.boot.ApplicationServletEnvironment - Activating profiles []
15:27:47.184 [Test worker] DEBUG org.springframework.test.context.support.TestPropertySourceUtils - Adding inlined properties to environment: {spring.jmx.enabled=false, org.springframework.boot.test.context.SpringBootTestContextBootstrapper=true}

  .   ____          _            __ _ _
 /\\ / ___'_ __ _ _(_)_ __  __ _ \ \ \ \
( ( )\___ | '_ | '_| | '_ \/ _` | \ \ \ \
 \\/  ___)| |_)| | | | | || (_| |  ) ) ) )
  '  |____| .__|_| |_|_| |_\__, | / / / /
 =========|_|==============|___/=/_/_/_/
?[32m :: Spring Boot :: ?[39m              ?[2m (v2.6.1)?[0;39m

?[2m2022-04-07 15:27:47.912?[0;39m ?[32m INFO?[0;39m ?[35m4245?[0;39m ?[2m---?[0;39m ?[2m[    Test worker]?[0;39m ?[36mc.e.ios_back.IosBackApplicationTests    ?[0;39m ?[2m:?[0;39m Starting IosBackApplicationTests using Java 11.0.14 on baeg-eunhuiui-MacBookPro.local with PID 4245 (started by beak-eunhee in /Users/baek-eunhee/eunhee/study/project/ios_back/ios_back)
?[2m2022-04-07 15:27:47.914?[0;39m ?[32m INFO?[0;39m ?[35m4245?[0;39m ?[2m---?[0;39m ?[2m[    Test worker]?[0;39m ?[36mc.e.ios_back.IosBackApplicationTests    ?[0;39m ?[2m:?[0;39m No active profile set, falling back to default profiles: default
?[2m2022-04-07 15:27:49.560?[0;39m ?[32m INFO?[0;39m ?[35m4245?[0;39m ?[2m---?[0;39m ?[2m[    Test worker]?[0;39m ?[36m.s.d.r.c.RepositoryConfigurationDelegate?[0;39m ?[2m:?[0;39m Bootstrapping Spring Data JPA repositories in DEFAULT mode.
?[2m2022-04-07 15:27:49.665?[0;39m ?[32m INFO?[0;39m ?[35m4245?[0;39m ?[2m---?[0;39m ?[2m[    Test worker]?[0;39m ?[36m.s.d.r.c.RepositoryConfigurationDelegate?[0;39m ?[2m:?[0;39m Finished Spring Data repository scanning in 96 ms. Found 4 JPA repository interfaces.
?[2m2022-04-07 15:27:50.773?[0;39m ?[32m INFO?[0;39m ?[35m4245?[0;39m ?[2m---?[0;39m ?[2m[    Test worker]?[0;39m ?[36mo.hibernate.jpa.internal.util.LogHelper ?[0;39m ?[2m:?[0;39m HHH000204: Processing PersistenceUnitInfo [name: default]
?[2m2022-04-07 15:27:50.822?[0;39m ?[32m INFO?[0;39m ?[35m4245?[0;39m ?[2m---?[0;39m ?[2m[    Test worker]?[0;39m ?[36morg.hibernate.Version                   ?[0;39m ?[2m:?[0;39m HHH000412: Hibernate ORM core version 5.6.1.Final
?[2m2022-04-07 15:27:50.987?[0;39m ?[32m INFO?[0;39m ?[35m4245?[0;39m ?[2m---?[0;39m ?[2m[    Test worker]?[0;39m ?[36mo.hibernate.annotations.common.Version  ?[0;39m ?[2m:?[0;39m HCANN000001: Hibernate Commons Annotations {5.1.2.Final}
?[2m2022-04-07 15:27:51.100?[0;39m ?[32m INFO?[0;39m ?[35m4245?[0;39m ?[2m---?[0;39m ?[2m[    Test worker]?[0;39m ?[36mcom.zaxxer.hikari.HikariDataSource      ?[0;39m ?[2m:?[0;39m HikariPool-1 - Starting...
?[2m2022-04-07 15:27:51.249?[0;39m ?[32m INFO?[0;39m ?[35m4245?[0;39m ?[2m---?[0;39m ?[2m[    Test worker]?[0;39m ?[36mcom.zaxxer.hikari.HikariDataSource      ?[0;39m ?[2m:?[0;39m HikariPool-1 - Start completed.
?[2m2022-04-07 15:27:51.271?[0;39m ?[32m INFO?[0;39m ?[35m4245?[0;39m ?[2m---?[0;39m ?[2m[    Test worker]?[0;39m ?[36morg.hibernate.dialect.Dialect           ?[0;39m ?[2m:?[0;39m HHH000400: Using dialect: org.hibernate.dialect.MySQL5InnoDBDialect
?[2m2022-04-07 15:27:51.919?[0;39m ?[32m INFO?[0;39m ?[35m4245?[0;39m ?[2m---?[0;39m ?[2m[    Test worker]?[0;39m ?[36mo.h.e.t.j.p.i.JtaPlatformInitiator      ?[0;39m ?[2m:?[0;39m HHH000490: Using JtaPlatform implementation: [org.hibernate.engine.transaction.jta.platform.internal.NoJtaPlatform]
?[2m2022-04-07 15:27:51.927?[0;39m ?[32m INFO?[0;39m ?[35m4245?[0;39m ?[2m---?[0;39m ?[2m[    Test worker]?[0;39m ?[36mj.LocalContainerEntityManagerFactoryBean?[0;39m ?[2m:?[0;39m Initialized JPA EntityManagerFactory for persistence unit 'default'
?[2m2022-04-07 15:27:53.456?[0;39m ?[33m WARN?[0;39m ?[35m4245?[0;39m ?[2m---?[0;39m ?[2m[    Test worker]?[0;39m ?[36mJpaBaseConfiguration$JpaWebConfiguration?[0;39m ?[2m:?[0;39m spring.jpa.open-in-view is enabled by default. Therefore, database queries may be performed during view rendering. Explicitly configure spring.jpa.open-in-view to disable this warning
?[2m2022-04-07 15:27:53.980?[0;39m ?[32m INFO?[0;39m ?[35m4245?[0;39m ?[2m---?[0;39m ?[2m[    Test worker]?[0;39m ?[36mpertySourcedRequestMappingHandlerMapping?[0;39m ?[2m:?[0;39m Mapped URL path [/v2/api-docs] onto method [springfox.documentation.swagger2.web.Swagger2Controller#getDocumentation(String, HttpServletRequest)]
?[2m2022-04-07 15:27:54.770?[0;39m ?[33m WARN?[0;39m ?[35m4245?[0;39m ?[2m---?[0;39m ?[2m[    Test worker]?[0;39m ?[36mion$DefaultTemplateResolverConfiguration?[0;39m ?[2m:?[0;39m Cannot find template location: classpath:/templates/ (please add some templates or check your Thymeleaf configuration)
?[2m2022-04-07 15:27:55.021?[0;39m ?[32m INFO?[0;39m ?[35m4245?[0;39m ?[2m---?[0;39m ?[2m[    Test worker]?[0;39m ?[36md.s.w.p.DocumentationPluginsBootstrapper?[0;39m ?[2m:?[0;39m Context refreshed
?[2m2022-04-07 15:27:55.038?[0;39m ?[32m INFO?[0;39m ?[35m4245?[0;39m ?[2m---?[0;39m ?[2m[    Test worker]?[0;39m ?[36md.s.w.p.DocumentationPluginsBootstrapper?[0;39m ?[2m:?[0;39m Found 1 custom documentation plugin(s)
?[2m2022-04-07 15:27:55.063?[0;39m ?[32m INFO?[0;39m ?[35m4245?[0;39m ?[2m---?[0;39m ?[2m[    Test worker]?[0;39m ?[36ms.d.s.w.s.ApiListingReferenceScanner    ?[0;39m ?[2m:?[0;39m Scanning for api listing references
?[2m2022-04-07 15:27:55.353?[0;39m ?[32m INFO?[0;39m ?[35m4245?[0;39m ?[2m---?[0;39m ?[2m[    Test worker]?[0;39m ?[36mc.e.ios_back.IosBackApplicationTests    ?[0;39m ?[2m:?[0;39m Started IosBackApplicationTests in 8.165 seconds (JVM running for 9.975)
]]></system-out>
  <system-err><![CDATA[]]></system-err>
</testsuite>
