<?xml version="1.0" encoding="UTF-8"?>
<testsuite name="com.example.ios_back.service.Impl.ScheduleServiceImplTest" tests="1" skipped="0" failures="0" errors="0" timestamp="2022-05-10T02:29:24" hostname="baeg-eunhuiui-MacBookPro.local" time="0.669">
  <properties/>
  <testcase name="기존 객체가 있으면 반환" classname="com.example.ios_back.service.Impl.ScheduleServiceImplTest" time="0.669"/>
  <system-out><![CDATA[11:29:15.232 [Test worker] DEBUG org.springframework.test.context.BootstrapUtils - Instantiating CacheAwareContextLoaderDelegate from class [org.springframework.test.context.cache.DefaultCacheAwareContextLoaderDelegate]
11:29:15.240 [Test worker] DEBUG org.springframework.test.context.BootstrapUtils - Instantiating BootstrapContext using constructor [public org.springframework.test.context.support.DefaultBootstrapContext(java.lang.Class,org.springframework.test.context.CacheAwareContextLoaderDelegate)]
11:29:15.338 [Test worker] DEBUG org.springframework.test.context.BootstrapUtils - Instantiating TestContextBootstrapper for test class [com.example.ios_back.service.Impl.ScheduleServiceImplTest] from class [org.springframework.boot.test.context.SpringBootTestContextBootstrapper]
11:29:15.355 [Test worker] INFO org.springframework.boot.test.context.SpringBootTestContextBootstrapper - Neither @ContextConfiguration nor @ContextHierarchy found for test class [com.example.ios_back.service.Impl.ScheduleServiceImplTest], using SpringBootContextLoader
11:29:15.361 [Test worker] DEBUG org.springframework.test.context.support.AbstractContextLoader - Did not detect default resource location for test class [com.example.ios_back.service.Impl.ScheduleServiceImplTest]: class path resource [com/example/ios_back/service/Impl/ScheduleServiceImplTest-context.xml] does not exist
11:29:15.362 [Test worker] DEBUG org.springframework.test.context.support.AbstractContextLoader - Did not detect default resource location for test class [com.example.ios_back.service.Impl.ScheduleServiceImplTest]: class path resource [com/example/ios_back/service/Impl/ScheduleServiceImplTestContext.groovy] does not exist
11:29:15.363 [Test worker] INFO org.springframework.test.context.support.AbstractContextLoader - Could not detect default resource locations for test class [com.example.ios_back.service.Impl.ScheduleServiceImplTest]: no resource found for suffixes {-context.xml, Context.groovy}.
11:29:15.363 [Test worker] INFO org.springframework.test.context.support.AnnotationConfigContextLoaderUtils - Could not detect default configuration classes for test class [com.example.ios_back.service.Impl.ScheduleServiceImplTest]: ScheduleServiceImplTest does not declare any static, non-private, non-final, nested classes annotated with @Configuration.
11:29:15.421 [Test worker] DEBUG org.springframework.test.context.support.ActiveProfilesUtils - Could not find an 'annotation declaring class' for annotation type [org.springframework.test.context.ActiveProfiles] and class [com.example.ios_back.service.Impl.ScheduleServiceImplTest]
11:29:15.524 [Test worker] DEBUG org.springframework.context.annotation.ClassPathScanningCandidateComponentProvider - Identified candidate component class: file [/Users/baek-eunhee/eunhee/study/project/ios_back/build/classes/java/main/com/example/ios_back/IosBackApplication.class]
11:29:15.528 [Test worker] INFO org.springframework.boot.test.context.SpringBootTestContextBootstrapper - Found @SpringBootConfiguration com.example.ios_back.IosBackApplication for test class com.example.ios_back.service.Impl.ScheduleServiceImplTest
11:29:15.616 [Test worker] DEBUG org.springframework.boot.test.context.SpringBootTestContextBootstrapper - @TestExecutionListeners is not present for class [com.example.ios_back.service.Impl.ScheduleServiceImplTest]: using defaults.
11:29:15.617 [Test worker] INFO org.springframework.boot.test.context.SpringBootTestContextBootstrapper - Loaded default TestExecutionListener class names from location [META-INF/spring.factories]: [org.springframework.boot.test.autoconfigure.restdocs.RestDocsTestExecutionListener, org.springframework.boot.test.autoconfigure.web.client.MockRestServiceServerResetTestExecutionListener, org.springframework.boot.test.autoconfigure.web.servlet.MockMvcPrintOnlyOnFailureTestExecutionListener, org.springframework.boot.test.autoconfigure.web.servlet.WebDriverTestExecutionListener, org.springframework.boot.test.autoconfigure.webservices.client.MockWebServiceServerTestExecutionListener, org.springframework.boot.test.mock.mockito.MockitoTestExecutionListener, org.springframework.boot.test.mock.mockito.ResetMocksTestExecutionListener, org.springframework.test.context.web.ServletTestExecutionListener, org.springframework.test.context.support.DirtiesContextBeforeModesTestExecutionListener, org.springframework.test.context.event.ApplicationEventsTestExecutionListener, org.springframework.test.context.support.DependencyInjectionTestExecutionListener, org.springframework.test.context.support.DirtiesContextTestExecutionListener, org.springframework.test.context.transaction.TransactionalTestExecutionListener, org.springframework.test.context.jdbc.SqlScriptsTestExecutionListener, org.springframework.test.context.event.EventPublishingTestExecutionListener]
11:29:15.670 [Test worker] INFO org.springframework.boot.test.context.SpringBootTestContextBootstrapper - Using TestExecutionListeners: [org.springframework.test.context.web.ServletTestExecutionListener@47d93e0d, org.springframework.test.context.support.DirtiesContextBeforeModesTestExecutionListener@475b7792, org.springframework.test.context.event.ApplicationEventsTestExecutionListener@751e664e, org.springframework.boot.test.mock.mockito.MockitoTestExecutionListener@160c3ec1, org.springframework.boot.test.autoconfigure.SpringBootDependencyInjectionTestExecutionListener@182b435b, org.springframework.test.context.support.DirtiesContextTestExecutionListener@4d0402b, org.springframework.test.context.transaction.TransactionalTestExecutionListener@2fa7ae9, org.springframework.test.context.jdbc.SqlScriptsTestExecutionListener@7577b641, org.springframework.test.context.event.EventPublishingTestExecutionListener@3704122f, org.springframework.boot.test.autoconfigure.restdocs.RestDocsTestExecutionListener@3153ddfc, org.springframework.boot.test.autoconfigure.web.client.MockRestServiceServerResetTestExecutionListener@60afd40d, org.springframework.boot.test.autoconfigure.web.servlet.MockMvcPrintOnlyOnFailureTestExecutionListener@28a2a3e7, org.springframework.boot.test.autoconfigure.web.servlet.WebDriverTestExecutionListener@3f2049b6, org.springframework.boot.test.autoconfigure.webservices.client.MockWebServiceServerTestExecutionListener@10b3df93, org.springframework.boot.test.mock.mockito.ResetMocksTestExecutionListener@ea27e34]
11:29:15.678 [Test worker] DEBUG org.springframework.test.context.support.AbstractDirtiesContextTestExecutionListener - Before test class: context [DefaultTestContext@1a38ba58 testClass = ScheduleServiceImplTest, testInstance = [null], testMethod = [null], testException = [null], mergedContextConfiguration = [WebMergedContextConfiguration@3ad394e6 testClass = ScheduleServiceImplTest, locations = '{}', classes = '{class com.example.ios_back.IosBackApplication}', contextInitializerClasses = '[]', activeProfiles = '{}', propertySourceLocations = '{}', propertySourceProperties = '{org.springframework.boot.test.context.SpringBootTestContextBootstrapper=true}', contextCustomizers = set[org.springframework.boot.test.autoconfigure.actuate.metrics.MetricsExportContextCustomizerFactory$DisableMetricExportContextCustomizer@42f48531, org.springframework.boot.test.autoconfigure.properties.PropertyMappingContextCustomizer@0, org.springframework.boot.test.autoconfigure.web.servlet.WebDriverContextCustomizerFactory$Customizer@ea9b7c6, org.springframework.boot.test.context.filter.ExcludeFilterContextCustomizer@a8e6492, org.springframework.boot.test.json.DuplicateJsonObjectContextCustomizerFactory$DuplicateJsonObjectContextCustomizer@7b324585, org.springframework.boot.test.mock.mockito.MockitoContextCustomizer@0, org.springframework.boot.test.web.client.TestRestTemplateContextCustomizer@dcfda20, org.springframework.boot.test.context.SpringBootTestArgs@1, org.springframework.boot.test.context.SpringBootTestWebEnvironment@7283d3eb], resourceBasePath = 'src/main/webapp', contextLoader = 'org.springframework.boot.test.context.SpringBootContextLoader', parent = [null]], attributes = map['org.springframework.test.context.web.ServletTestExecutionListener.activateListener' -> true]], class annotated with @DirtiesContext [false] with mode [null].
11:29:15.779 [Test worker] DEBUG org.springframework.boot.ApplicationServletEnvironment - Activating profiles []
11:29:15.782 [Test worker] DEBUG org.springframework.test.context.support.TestPropertySourceUtils - Adding inlined properties to environment: {spring.jmx.enabled=false, org.springframework.boot.test.context.SpringBootTestContextBootstrapper=true}

  .   ____          _            __ _ _
 /\\ / ___'_ __ _ _(_)_ __  __ _ \ \ \ \
( ( )\___ | '_ | '_| | '_ \/ _` | \ \ \ \
 \\/  ___)| |_)| | | | | || (_| |  ) ) ) )
  '  |____| .__|_| |_|_| |_\__, | / / / /
 =========|_|==============|___/=/_/_/_/
?[32m :: Spring Boot :: ?[39m              ?[2m (v2.6.1)?[0;39m

?[2m2022-05-10 11:29:16.263?[0;39m ?[32m INFO?[0;39m ?[35m2942?[0;39m ?[2m---?[0;39m ?[2m[    Test worker]?[0;39m ?[36mc.e.i.s.Impl.ScheduleServiceImplTest    ?[0;39m ?[2m:?[0;39m Starting ScheduleServiceImplTest using Java 11.0.14 on baeg-eunhuiui-MacBookPro.local with PID 2942 (started by beak-eunhee in /Users/baek-eunhee/eunhee/study/project/ios_back)
?[2m2022-05-10 11:29:16.264?[0;39m ?[32m INFO?[0;39m ?[35m2942?[0;39m ?[2m---?[0;39m ?[2m[    Test worker]?[0;39m ?[36mc.e.i.s.Impl.ScheduleServiceImplTest    ?[0;39m ?[2m:?[0;39m No active profile set, falling back to default profiles: default
?[2m2022-05-10 11:29:17.954?[0;39m ?[32m INFO?[0;39m ?[35m2942?[0;39m ?[2m---?[0;39m ?[2m[    Test worker]?[0;39m ?[36m.s.d.r.c.RepositoryConfigurationDelegate?[0;39m ?[2m:?[0;39m Bootstrapping Spring Data JPA repositories in DEFAULT mode.
?[2m2022-05-10 11:29:18.069?[0;39m ?[32m INFO?[0;39m ?[35m2942?[0;39m ?[2m---?[0;39m ?[2m[    Test worker]?[0;39m ?[36m.s.d.r.c.RepositoryConfigurationDelegate?[0;39m ?[2m:?[0;39m Finished Spring Data repository scanning in 106 ms. Found 4 JPA repository interfaces.
?[2m2022-05-10 11:29:19.178?[0;39m ?[32m INFO?[0;39m ?[35m2942?[0;39m ?[2m---?[0;39m ?[2m[    Test worker]?[0;39m ?[36mo.hibernate.jpa.internal.util.LogHelper ?[0;39m ?[2m:?[0;39m HHH000204: Processing PersistenceUnitInfo [name: default]
?[2m2022-05-10 11:29:19.225?[0;39m ?[32m INFO?[0;39m ?[35m2942?[0;39m ?[2m---?[0;39m ?[2m[    Test worker]?[0;39m ?[36morg.hibernate.Version                   ?[0;39m ?[2m:?[0;39m HHH000412: Hibernate ORM core version 5.6.1.Final
?[2m2022-05-10 11:29:19.388?[0;39m ?[32m INFO?[0;39m ?[35m2942?[0;39m ?[2m---?[0;39m ?[2m[    Test worker]?[0;39m ?[36mo.hibernate.annotations.common.Version  ?[0;39m ?[2m:?[0;39m HCANN000001: Hibernate Commons Annotations {5.1.2.Final}
?[2m2022-05-10 11:29:19.499?[0;39m ?[32m INFO?[0;39m ?[35m2942?[0;39m ?[2m---?[0;39m ?[2m[    Test worker]?[0;39m ?[36mcom.zaxxer.hikari.HikariDataSource      ?[0;39m ?[2m:?[0;39m HikariPool-1 - Starting...
?[2m2022-05-10 11:29:19.791?[0;39m ?[32m INFO?[0;39m ?[35m2942?[0;39m ?[2m---?[0;39m ?[2m[    Test worker]?[0;39m ?[36mcom.zaxxer.hikari.HikariDataSource      ?[0;39m ?[2m:?[0;39m HikariPool-1 - Start completed.
?[2m2022-05-10 11:29:19.809?[0;39m ?[32m INFO?[0;39m ?[35m2942?[0;39m ?[2m---?[0;39m ?[2m[    Test worker]?[0;39m ?[36morg.hibernate.dialect.Dialect           ?[0;39m ?[2m:?[0;39m HHH000400: Using dialect: org.hibernate.dialect.MySQL57Dialect
?[2m2022-05-10 11:29:20.792?[0;39m ?[32m INFO?[0;39m ?[35m2942?[0;39m ?[2m---?[0;39m ?[2m[    Test worker]?[0;39m ?[36mo.h.e.t.j.p.i.JtaPlatformInitiator      ?[0;39m ?[2m:?[0;39m HHH000490: Using JtaPlatform implementation: [org.hibernate.engine.transaction.jta.platform.internal.NoJtaPlatform]
?[2m2022-05-10 11:29:20.802?[0;39m ?[32m INFO?[0;39m ?[35m2942?[0;39m ?[2m---?[0;39m ?[2m[    Test worker]?[0;39m ?[36mj.LocalContainerEntityManagerFactoryBean?[0;39m ?[2m:?[0;39m Initialized JPA EntityManagerFactory for persistence unit 'default'
?[2m2022-05-10 11:29:22.255?[0;39m ?[33m WARN?[0;39m ?[35m2942?[0;39m ?[2m---?[0;39m ?[2m[    Test worker]?[0;39m ?[36mJpaBaseConfiguration$JpaWebConfiguration?[0;39m ?[2m:?[0;39m spring.jpa.open-in-view is enabled by default. Therefore, database queries may be performed during view rendering. Explicitly configure spring.jpa.open-in-view to disable this warning
?[2m2022-05-10 11:29:22.703?[0;39m ?[32m INFO?[0;39m ?[35m2942?[0;39m ?[2m---?[0;39m ?[2m[    Test worker]?[0;39m ?[36mpertySourcedRequestMappingHandlerMapping?[0;39m ?[2m:?[0;39m Mapped URL path [/v2/api-docs] onto method [springfox.documentation.swagger2.web.Swagger2Controller#getDocumentation(String, HttpServletRequest)]
?[2m2022-05-10 11:29:23.497?[0;39m ?[33m WARN?[0;39m ?[35m2942?[0;39m ?[2m---?[0;39m ?[2m[    Test worker]?[0;39m ?[36mion$DefaultTemplateResolverConfiguration?[0;39m ?[2m:?[0;39m Cannot find template location: classpath:/templates/ (please add some templates or check your Thymeleaf configuration)
?[2m2022-05-10 11:29:23.809?[0;39m ?[32m INFO?[0;39m ?[35m2942?[0;39m ?[2m---?[0;39m ?[2m[    Test worker]?[0;39m ?[36md.s.w.p.DocumentationPluginsBootstrapper?[0;39m ?[2m:?[0;39m Context refreshed
?[2m2022-05-10 11:29:23.825?[0;39m ?[32m INFO?[0;39m ?[35m2942?[0;39m ?[2m---?[0;39m ?[2m[    Test worker]?[0;39m ?[36md.s.w.p.DocumentationPluginsBootstrapper?[0;39m ?[2m:?[0;39m Found 1 custom documentation plugin(s)
?[2m2022-05-10 11:29:23.848?[0;39m ?[32m INFO?[0;39m ?[35m2942?[0;39m ?[2m---?[0;39m ?[2m[    Test worker]?[0;39m ?[36ms.d.s.w.s.ApiListingReferenceScanner    ?[0;39m ?[2m:?[0;39m Scanning for api listing references
?[2m2022-05-10 11:29:24.146?[0;39m ?[32m INFO?[0;39m ?[35m2942?[0;39m ?[2m---?[0;39m ?[2m[    Test worker]?[0;39m ?[36mc.e.i.s.Impl.ScheduleServiceImplTest    ?[0;39m ?[2m:?[0;39m Started ScheduleServiceImplTest in 8.361 seconds (JVM running for 10.236)
?[2m2022-05-10 11:29:24.251?[0;39m ?[32m INFO?[0;39m ?[35m2942?[0;39m ?[2m---?[0;39m ?[2m[    Test worker]?[0;39m ?[36mo.s.t.c.transaction.TransactionContext  ?[0;39m ?[2m:?[0;39m Began transaction (1) for test context [DefaultTestContext@1a38ba58 testClass = ScheduleServiceImplTest, testInstance = com.example.ios_back.service.Impl.ScheduleServiceImplTest@6edd80fe, testMethod = getSchedule_기존객체_반환@ScheduleServiceImplTest, testException = [null], mergedContextConfiguration = [WebMergedContextConfiguration@3ad394e6 testClass = ScheduleServiceImplTest, locations = '{}', classes = '{class com.example.ios_back.IosBackApplication}', contextInitializerClasses = '[]', activeProfiles = '{}', propertySourceLocations = '{}', propertySourceProperties = '{org.springframework.boot.test.context.SpringBootTestContextBootstrapper=true}', contextCustomizers = set[org.springframework.boot.test.autoconfigure.actuate.metrics.MetricsExportContextCustomizerFactory$DisableMetricExportContextCustomizer@42f48531, org.springframework.boot.test.autoconfigure.properties.PropertyMappingContextCustomizer@0, org.springframework.boot.test.autoconfigure.web.servlet.WebDriverContextCustomizerFactory$Customizer@ea9b7c6, org.springframework.boot.test.context.filter.ExcludeFilterContextCustomizer@a8e6492, org.springframework.boot.test.json.DuplicateJsonObjectContextCustomizerFactory$DuplicateJsonObjectContextCustomizer@7b324585, org.springframework.boot.test.mock.mockito.MockitoContextCustomizer@0, org.springframework.boot.test.web.client.TestRestTemplateContextCustomizer@dcfda20, org.springframework.boot.test.context.SpringBootTestArgs@1, org.springframework.boot.test.context.SpringBootTestWebEnvironment@7283d3eb], resourceBasePath = 'src/main/webapp', contextLoader = 'org.springframework.boot.test.context.SpringBootContextLoader', parent = [null]], attributes = map['org.springframework.test.context.web.ServletTestExecutionListener.activateListener' -> true, 'org.springframework.test.context.web.ServletTestExecutionListener.populatedRequestContextHolder' -> true, 'org.springframework.test.context.web.ServletTestExecutionListener.resetRequestContextHolder' -> true, 'org.springframework.test.context.event.ApplicationEventsTestExecutionListener.recordApplicationEvents' -> false]]; transaction manager [org.springframework.orm.jpa.JpaTransactionManager@502dc93a]; rollback [true]
?[2m2022-05-10 11:29:24.457?[0;39m ?[32mDEBUG?[0;39m ?[35m2942?[0;39m ?[2m---?[0;39m ?[2m[    Test worker]?[0;39m ?[36morg.hibernate.SQL                       ?[0;39m ?[2m:?[0;39m 
    select
        next_val as id_val 
    from
        hibernate_sequence for update
            
?[2m2022-05-10 11:29:24.472?[0;39m ?[32mDEBUG?[0;39m ?[35m2942?[0;39m ?[2m---?[0;39m ?[2m[    Test worker]?[0;39m ?[36morg.hibernate.SQL                       ?[0;39m ?[2m:?[0;39m 
    update
        hibernate_sequence 
    set
        next_val= ? 
    where
        next_val=?
?[2m2022-05-10 11:29:24.650?[0;39m ?[32mDEBUG?[0;39m ?[35m2942?[0;39m ?[2m---?[0;39m ?[2m[    Test worker]?[0;39m ?[36morg.hibernate.SQL                       ?[0;39m ?[2m:?[0;39m 
    insert 
    into
        schedule
        (date, schedule_id) 
    values
        (?, ?)
?[2m2022-05-10 11:29:24.671?[0;39m ?[32mDEBUG?[0;39m ?[35m2942?[0;39m ?[2m---?[0;39m ?[2m[    Test worker]?[0;39m ?[36morg.hibernate.SQL                       ?[0;39m ?[2m:?[0;39m 
    select
        schedule0_.schedule_id as schedule1_2_,
        schedule0_.date as date2_2_ 
    from
        schedule schedule0_
?[2m2022-05-10 11:29:24.696?[0;39m ?[32mDEBUG?[0;39m ?[35m2942?[0;39m ?[2m---?[0;39m ?[2m[    Test worker]?[0;39m ?[36morg.hibernate.SQL                       ?[0;39m ?[2m:?[0;39m 
    select
        memo0_.memo_id as memo_id1_1_0_,
        memo0_.content as content2_1_0_,
        memo0_.schedule_id as schedule3_1_0_ 
    from
        memo memo0_ 
    where
        memo0_.schedule_id=?
?[2m2022-05-10 11:29:24.766?[0;39m ?[32mDEBUG?[0;39m ?[35m2942?[0;39m ?[2m---?[0;39m ?[2m[    Test worker]?[0;39m ?[36morg.hibernate.SQL                       ?[0;39m ?[2m:?[0;39m 
    select
        schedule0_.schedule_id as schedule1_2_,
        schedule0_.date as date2_2_ 
    from
        schedule schedule0_ 
    where
        schedule0_.date=?
?[2m2022-05-10 11:29:24.785?[0;39m ?[32mDEBUG?[0;39m ?[35m2942?[0;39m ?[2m---?[0;39m ?[2m[    Test worker]?[0;39m ?[36morg.hibernate.SQL                       ?[0;39m ?[2m:?[0;39m 
    select
        schedule0_.schedule_id as schedule1_2_,
        schedule0_.date as date2_2_ 
    from
        schedule schedule0_
?[2m2022-05-10 11:29:24.877?[0;39m ?[32m INFO?[0;39m ?[35m2942?[0;39m ?[2m---?[0;39m ?[2m[    Test worker]?[0;39m ?[36mo.s.t.c.transaction.TransactionContext  ?[0;39m ?[2m:?[0;39m Rolled back transaction for test: [DefaultTestContext@1a38ba58 testClass = ScheduleServiceImplTest, testInstance = com.example.ios_back.service.Impl.ScheduleServiceImplTest@6edd80fe, testMethod = getSchedule_기존객체_반환@ScheduleServiceImplTest, testException = [null], mergedContextConfiguration = [WebMergedContextConfiguration@3ad394e6 testClass = ScheduleServiceImplTest, locations = '{}', classes = '{class com.example.ios_back.IosBackApplication}', contextInitializerClasses = '[]', activeProfiles = '{}', propertySourceLocations = '{}', propertySourceProperties = '{org.springframework.boot.test.context.SpringBootTestContextBootstrapper=true}', contextCustomizers = set[org.springframework.boot.test.autoconfigure.actuate.metrics.MetricsExportContextCustomizerFactory$DisableMetricExportContextCustomizer@42f48531, org.springframework.boot.test.autoconfigure.properties.PropertyMappingContextCustomizer@0, org.springframework.boot.test.autoconfigure.web.servlet.WebDriverContextCustomizerFactory$Customizer@ea9b7c6, org.springframework.boot.test.context.filter.ExcludeFilterContextCustomizer@a8e6492, org.springframework.boot.test.json.DuplicateJsonObjectContextCustomizerFactory$DuplicateJsonObjectContextCustomizer@7b324585, org.springframework.boot.test.mock.mockito.MockitoContextCustomizer@0, org.springframework.boot.test.web.client.TestRestTemplateContextCustomizer@dcfda20, org.springframework.boot.test.context.SpringBootTestArgs@1, org.springframework.boot.test.context.SpringBootTestWebEnvironment@7283d3eb], resourceBasePath = 'src/main/webapp', contextLoader = 'org.springframework.boot.test.context.SpringBootContextLoader', parent = [null]], attributes = map['org.springframework.test.context.web.ServletTestExecutionListener.activateListener' -> true, 'org.springframework.test.context.web.ServletTestExecutionListener.populatedRequestContextHolder' -> true, 'org.springframework.test.context.web.ServletTestExecutionListener.resetRequestContextHolder' -> true, 'org.springframework.test.context.event.ApplicationEventsTestExecutionListener.recordApplicationEvents' -> false]]
]]></system-out>
  <system-err><![CDATA[]]></system-err>
</testsuite>
